<?xml version="1.0" encoding="UTF-8"?>
<!-- Generated by org.testng.reporters.JUnitReportReporter -->
<testsuite hostname="CC-GTD-101" failures="0" tests="2" name="tests.CasosDePrueba" time="0.011" errors="1" timestamp="10 nov. 2022 13:01:35 GMT" skipped="1">
  <testcase classname="tests.CasosDePrueba" name="CP005_IrAPagarMiCredito" time="0.000">
    <skipped/>
  </testcase> <!-- CP005_IrAPagarMiCredito -->
  <testcase classname="tests.CasosDePrueba" name="preparacion" time="0.011">
    <error message="Unresolved compilation problems: 
	The type java.util.function.Function cannot be resolved. It is indirectly referenced from required .class files
	The method until(Function&lt;? super WebDriver,V&gt;) from the type FluentWait&lt;WebDriver&gt; refers to the missing type Function
" type="java.lang.Error">
      <![CDATA[java.lang.Error: Unresolved compilation problems: 
The type java.util.function.Function cannot be resolved. It is indirectly referenced from required .class files
The method until(Function<? super WebDriver,V>) from the type FluentWait<WebDriver> refers to the missing type Function

at utils.ClaseBase.<init>(ClaseBase.java:172)
at pages.HomePage.<init>(HomePage.java:37)
at tests.CasosDePrueba.preparacion(CasosDePrueba.java:42)
at java.base/jdk.internal.reflect.NativeMethodAccessorImpl.invoke0(Native Method)
at java.base/jdk.internal.reflect.NativeMethodAccessorImpl.invoke(NativeMethodAccessorImpl.java:77)
at java.base/jdk.internal.reflect.DelegatingMethodAccessorImpl.invoke(DelegatingMethodAccessorImpl.java:43)
at java.base/java.lang.reflect.Method.invoke(Method.java:568)
at org.testng.internal.MethodInvocationHelper.invokeMethod(MethodInvocationHelper.java:124)
at org.testng.internal.MethodInvocationHelper.invokeMethodConsideringTimeout(MethodInvocationHelper.java:59)
at org.testng.internal.Invoker.invokeConfigurationMethod(Invoker.java:458)
at org.testng.internal.Invoker.invokeConfigurations(Invoker.java:222)
at org.testng.internal.Invoker.invokeConfigurations(Invoker.java:142)
at org.testng.SuiteRunner.privateRun(SuiteRunner.java:401)
at org.testng.SuiteRunner.run(SuiteRunner.java:364)
at org.testng.SuiteRunnerWorker.runSuite(SuiteRunnerWorker.java:52)
at org.testng.SuiteRunnerWorker.run(SuiteRunnerWorker.java:84)
at org.testng.TestNG.runSuitesSequentially(TestNG.java:1208)
at org.testng.TestNG.runSuitesLocally(TestNG.java:1137)
at org.testng.TestNG.runSuites(TestNG.java:1049)
at org.testng.TestNG.run(TestNG.java:1017)
at org.apache.maven.surefire.testng.TestNGExecutor.run(TestNGExecutor.java:324)
at org.apache.maven.surefire.testng.TestNGXmlTestSuite.execute(TestNGXmlTestSuite.java:74)
at org.apache.maven.surefire.testng.TestNGProvider.invoke(TestNGProvider.java:123)
at org.apache.maven.surefire.booter.ForkedBooter.runSuitesInProcess(ForkedBooter.java:456)
at org.apache.maven.surefire.booter.ForkedBooter.execute(ForkedBooter.java:169)
at org.apache.maven.surefire.booter.ForkedBooter.run(ForkedBooter.java:595)
at org.apache.maven.surefire.booter.ForkedBooter.main(ForkedBooter.java:581)
]]>
    </error>
  </testcase> <!-- preparacion -->
</testsuite> <!-- tests.CasosDePrueba -->
